#
# There is insufficient memory for the Java Runtime Environment to continue.
# Native memory allocation (mmap) failed to map 134217728 bytes for G1 virtual space
# Possible reasons:
#   The system is out of physical RAM or swap space
#   The process is running with CompressedOops enabled, and the Java Heap may be blocking the growth of the native heap
# Possible solutions:
#   Reduce memory load on the system
#   Increase physical memory or swap space
#   Check if swap backing store is full
#   Decrease Java heap size (-Xmx/-Xms)
#   Decrease number of Java threads
#   Decrease Java thread stack sizes (-Xss)
#   Set larger code cache with -XX:ReservedCodeCacheSize=
#   JVM is running with Unscaled Compressed Oops mode in which the Java heap is
#     placed in the first 4GB address space. The Java Heap base address is the
#     maximum limit for the native heap growth. Please use -XX:HeapBaseMinAddress
#     to set the Java Heap base and to place the Java Heap above 4GB virtual address.
# This output file may be truncated or incomplete.
#
#  Out of Memory Error (os_windows.cpp:3530), pid=15440, tid=15888
#
# JRE version:  (18.0.1.1+2) (build )
# Java VM: Java HotSpot(TM) 64-Bit Server VM (18.0.1.1+2-6, mixed mode, sharing, tiered, compressed oops, compressed class ptrs, g1 gc, windows-amd64)
# No core dump will be written. Minidumps are not enabled by default on client versions of Windows
#

---------------  S U M M A R Y ------------

Command Line: -XX:+ShowCodeDetailsInExceptionMessages SortingProducts

Host: Intel(R) Core(TM) i5-7300HQ CPU @ 2.50GHz, 4 cores, 7G,  Windows 10 , 64 bit Build 19041 (10.0.19041.3031)
Time: Tue Jul  4 09:36:33 2023 India Standard Time elapsed time: 0.026912 seconds (0d 0h 0m 0s)

---------------  T H R E A D  ---------------

Current thread (0x000002144daeea80):  JavaThread "Unknown thread" [_thread_in_vm, id=15888, stack(0x000000ad58f00000,0x000000ad59000000)]

Stack: [0x000000ad58f00000,0x000000ad59000000]
Native frames: (J=compiled Java code, j=interpreted, Vv=VM code, C=native code)
V  [jvm.dll+0x69887a]
V  [jvm.dll+0x7f38bd]
V  [jvm.dll+0x7f51ce]
V  [jvm.dll+0x7f5883]
V  [jvm.dll+0x25ca3f]
V  [jvm.dll+0x6957c9]
V  [jvm.dll+0x68a2fa]
V  [jvm.dll+0x321efb]
V  [jvm.dll+0x3298d6]
V  [jvm.dll+0x37e47e]
V  [jvm.dll+0x37e6af]
V  [jvm.dll+0x2f9c7a]
V  [jvm.dll+0x2facdd]
V  [jvm.dll+0x7c24f0]
V  [jvm.dll+0x38b801]
V  [jvm.dll+0x7a1203]
V  [jvm.dll+0x40d6bf]
V  [jvm.dll+0x40f091]
C  [jli.dll+0x526b]
C  [ucrtbase.dll+0x21bb2]
C  [KERNEL32.DLL+0x17614]
C  [ntdll.dll+0x526f1]


---------------  P R O C E S S  ---------------

Threads class SMR info:
_java_thread_list=0x00007ffd9f6bd550, length=0, elements={
}

Java Threads: ( => current thread )

Other Threads:
  0x000002144fbe1cf0 WorkerThread "GC Thread#0" [stack: 0x000000ad59000000,0x000000ad59100000] [id=15492]
  0x000002144fbf27b0 ConcurrentGCThread "G1 Main Marker" [stack: 0x000000ad59100000,0x000000ad59200000] [id=15856]
  0x000002144fbf4860 WorkerThread "G1 Conc#0" [stack: 0x000000ad59200000,0x000000ad59300000] [id=7704]

[error occurred during error reporting (printing all threads), id 0xc0000005, EXCEPTION_ACCESS_VIOLATION (0xc0000005) at pc=0x00007ffd9eeea217]

VM state: not at safepoint (not fully initialized)

VM Mutex/Monitor currently owned by a thread:  ([mutex/lock_event])
[0x000002144fb7fb80] Heap_lock - owner thread: 0x000002144daeea80

Heap address: 0x0000000081c00000, size: 2020 MB, Compressed Oops mode: 32-bit

CDS archive(s) mapped at: [0x0000000000000000-0x0000000000000000-0x0000000000000000), size 0, SharedBaseAddress: 0x0000000800000000, ArchiveRelocationMode: 0.
Narrow klass base: 0x0000000000000000, Narrow klass shift: 0, Narrow klass range: 0x0

GC Precious Log:
 CardTable entry size: 512
 Card Set container configuration: InlinePtr #cards 5 size 8 Array Of Cards #cards 12 size 40 Howl #buckets 4 coarsen threshold 1843 Howl Bitmap #cards 512 size 80 coarsen threshold 460 Card regions per heap region 1 cards per card region 2048

Heap:
 garbage-first heap   total 0K, used 0K [0x0000000081c00000, 0x0000000100000000)
  region size 1024K, 0 young (0K), 0 survivors (0K)

[error occurred during error reporting (printing heap information), id 0xc0000005, EXCEPTION_ACCESS_VIOLATION (0xc0000005) at pc=0x00007ffd9f2d0cb9]

GC Heap History (0 events):
No events

Deoptimization events (0 events):
No events

Classes loaded (0 events):
No events

Classes unloaded (0 events):
No events

Classes redefined (0 events):
No events

Internal exceptions (0 events):
No events

VM Operations (0 events):
No events

Events (1 events):
Event: 0.010 Loaded shared library C:\Program Files\Java\jdk-18.0.1.1\bin\java.dll


Dynamic libraries:
0x00007ff69d8d0000 - 0x00007ff69d8e0000 	C:\Program Files\Java\jdk-18.0.1.1\bin\java.exe
0x00007ffdf8350000 - 0x00007ffdf8548000 	C:\WINDOWS\SYSTEM32\ntdll.dll
0x00007ffdf80b0000 - 0x00007ffdf816f000 	C:\WINDOWS\System32\KERNEL32.DLL
0x00007ffdf60b0000 - 0x00007ffdf63a6000 	C:\WINDOWS\System32\KERNELBASE.dll
0x00007ffdf5bb0000 - 0x00007ffdf5cb0000 	C:\WINDOWS\System32\ucrtbase.dll
0x00007ffdf0e10000 - 0x00007ffdf0e2a000 	C:\Program Files\Java\jdk-18.0.1.1\bin\VCRUNTIME140.dll
0x00007ffdf0e30000 - 0x00007ffdf0e48000 	C:\Program Files\Java\jdk-18.0.1.1\bin\jli.dll
0x00007ffdf6aa0000 - 0x00007ffdf6b4f000 	C:\WINDOWS\System32\ADVAPI32.dll
0x00007ffdf68d0000 - 0x00007ffdf696e000 	C:\WINDOWS\System32\msvcrt.dll
0x00007ffdf6620000 - 0x00007ffdf66bc000 	C:\WINDOWS\System32\sechost.dll
0x00007ffdf63d0000 - 0x00007ffdf64f6000 	C:\WINDOWS\System32\RPCRT4.dll
0x00007ffdf8170000 - 0x00007ffdf830d000 	C:\WINDOWS\System32\USER32.dll
0x00007ffdf5a30000 - 0x00007ffdf5a52000 	C:\WINDOWS\System32\win32u.dll
0x00007ffdf6510000 - 0x00007ffdf653c000 	C:\WINDOWS\System32\GDI32.dll
0x00007ffdf5da0000 - 0x00007ffdf5eb5000 	C:\WINDOWS\System32\gdi32full.dll
0x00007ffde1e10000 - 0x00007ffde20aa000 	C:\WINDOWS\WinSxS\amd64_microsoft.windows.common-controls_6595b64144ccf1df_6.0.19041.1110_none_60b5254171f9507e\COMCTL32.dll
0x00007ffdf5cb0000 - 0x00007ffdf5d4d000 	C:\WINDOWS\System32\msvcp_win.dll
0x00007ffdef350000 - 0x00007ffdef35a000 	C:\WINDOWS\SYSTEM32\VERSION.dll
0x00007ffdf7ba0000 - 0x00007ffdf7bd0000 	C:\WINDOWS\System32\IMM32.DLL
0x00007ffdef570000 - 0x00007ffdef57c000 	C:\Program Files\Java\jdk-18.0.1.1\bin\vcruntime140_1.dll
0x00007ffdcb4b0000 - 0x00007ffdcb53d000 	C:\Program Files\Java\jdk-18.0.1.1\bin\msvcp140.dll
0x00007ffd9ebe0000 - 0x00007ffd9f7f0000 	C:\Program Files\Java\jdk-18.0.1.1\bin\server\jvm.dll
0x00007ffdf80a0000 - 0x00007ffdf80a8000 	C:\WINDOWS\System32\PSAPI.DLL
0x00007ffdb8680000 - 0x00007ffdb8689000 	C:\WINDOWS\SYSTEM32\WSOCK32.dll
0x00007ffdf6f20000 - 0x00007ffdf6f8b000 	C:\WINDOWS\System32\WS2_32.dll
0x00007ffde4250000 - 0x00007ffde4277000 	C:\WINDOWS\SYSTEM32\WINMM.dll
0x00007ffdf38e0000 - 0x00007ffdf38f2000 	C:\WINDOWS\SYSTEM32\kernel.appcore.dll
0x00007ffdef560000 - 0x00007ffdef56a000 	C:\Program Files\Java\jdk-18.0.1.1\bin\jimage.dll
0x00007ffde3890000 - 0x00007ffde3a74000 	C:\WINDOWS\SYSTEM32\DBGHELP.DLL
0x00007ffddca30000 - 0x00007ffddca64000 	C:\WINDOWS\SYSTEM32\dbgcore.DLL
0x00007ffdf5ec0000 - 0x00007ffdf5f42000 	C:\WINDOWS\System32\bcryptPrimitives.dll
0x00007ffdef460000 - 0x00007ffdef485000 	C:\Program Files\Java\jdk-18.0.1.1\bin\java.dll

dbghelp: loaded successfully - version: 4.0.5 - missing functions: none
symbol engine: initialized successfully - sym options: 0x614 - pdb path: .;C:\Program Files\Java\jdk-18.0.1.1\bin;C:\WINDOWS\SYSTEM32;C:\WINDOWS\WinSxS\amd64_microsoft.windows.common-controls_6595b64144ccf1df_6.0.19041.1110_none_60b5254171f9507e;C:\Program Files\Java\jdk-18.0.1.1\bin\server

VM Arguments:
jvm_args: -XX:+ShowCodeDetailsInExceptionMessages 
java_command: SortingProducts
java_class_path (initial): C:\Users\vinay\AppData\Roaming\Code\User\workspaceStorage\c41485dd37500a18230ef1e1cc27f201\redhat.java\jdt_ws\jdt.ls-java-project\bin
Launcher Type: SUN_STANDARD

[Global flags]
     intx CICompilerCount                          = 3                                         {product} {ergonomic}
     uint ConcGCThreads                            = 1                                         {product} {ergonomic}
     uint G1ConcRefinementThreads                  = 4                                         {product} {ergonomic}
   size_t G1HeapRegionSize                         = 1048576                                   {product} {ergonomic}
    uintx GCDrainStackTargetSize                   = 64                                        {product} {ergonomic}
   size_t InitialHeapSize                          = 134217728                                 {product} {ergonomic}
   size_t MarkStackSize                            = 4194304                                   {product} {ergonomic}
   size_t MaxHeapSize                              = 2118123520                                {product} {ergonomic}
   size_t MinHeapDeltaBytes                        = 1048576                                   {product} {ergonomic}
   size_t MinHeapSize                              = 8388608                                   {product} {ergonomic}
    uintx NonNMethodCodeHeapSize                   = 5832780                                {pd product} {ergonomic}
    uintx NonProfiledCodeHeapSize                  = 122912730                              {pd product} {ergonomic}
    uintx ProfiledCodeHeapSize                     = 122912730                              {pd product} {ergonomic}
    uintx ReservedCodeCacheSize                    = 251658240                              {pd product} {ergonomic}
     bool SegmentedCodeCache                       = true                                      {product} {ergonomic}
     bool ShowCodeDetailsInExceptionMessages       = true                                   {manageable} {command line}
   size_t SoftMaxHeapSize                          = 2118123520                             {manageable} {ergonomic}
     bool UseCompressedClassPointers               = true                           {product lp64_product} {ergonomic}
     bool UseCompressedOops                        = true                           {product lp64_product} {ergonomic}
     bool UseG1GC                                  = true                                      {product} {ergonomic}
     bool UseLargePagesIndividualAllocation        = false                                  {pd product} {ergonomic}

Logging:
Log output configuration:
 #0: stdout all=warning uptime,level,tags foldmultilines=false
 #1: stderr all=off uptime,level,tags foldmultilines=false

Environment Variables:
JAVA_HOME=C:\Program Files\Java\jdk-13.0.2
CLASSPATH=C:\Program Files\Java\jdk-13.0.2\bin;C:\Users\vinay\Documents\opencsv-5.7.1.jar;
PATH=C:\Program Files\Common Files\Oracle\Java\javapath;c:\program files\mysql\mysql server 8.0\bin;c:\program files\java\jdk-13.0.2\bin;c:\program files (x86)\common files\intel\shared libraries\redist\intel64_win\compiler;c:\program files (x86)\intel\icls client\;c:\program files\intel\icls client\;c:\windows\system32;c:\windows;d:\software\google-cloud-sdk-311.0.0-windows-x86_64-bundled-python\google-cloud-sdk\bin;c:\windows\system32\wbem;c:\windows\system32\windowspowershell\v1.0\;c:\program files (x86)\intel\intel(r) management engine components\dal;c:\program files\intel\intel(r) management engine components\dal;c:\program files (x86)\intel\intel(r) management engine components\ipt;c:\program files\intel\intel(r) management engine components\ipt;c:\windows\system32;c:\windows;c:\windows\system32\wbem;c:\windows\system32\windowspowershell\v1.0\;c:\windows\system32\openssh\;c:\program files\git\cmd;"c:\windows;c:\windows\system32;c:\python37";c:\programdata\chocolatey\bin;c:\program files\dotnet\;c:\windows\system32;c:\windows;c:\windows\system32\wbem;c:\windows\system32\windowspowershell\v1.0\;c:\windows\system32\openssh\;c:\mingw\bin;c:\spark-3.0.1-bin-hadoop2.7\bin;c:\hadoop\bin;c:\program files (x86)\putty\;d:\games\minikube;C:\Program Files (x86)\NVIDIA Corporation\PhysX\Common;C:\Program Files\NVIDIA Corporation\NVIDIA NvDLISR;C:\Program Files\nodejs\;C:\Program Files\MySQL\MySQL Server 8.0\bin;C:\Users\vinay\Downloads\mongosh-1.10.0-win32-x64\bin;C:\Program Files\MongoDB\Server\6.0\bin;C:\Users\vinay\AppData\Local\Programs\Python\Python310\Scripts\;C:\Users\vinay\AppData\Local\Programs\Python\Python310\;C:\Users\vinay\AppData\Local\Programs\Python\Launcher\;C:\Users\vinay\AppData\Local\Microsoft\WindowsApps;C:\Users\vinay\AppData\Local\Programs\Microsoft VS Code\bin;C:\Users\vinay\AppData\Local\Programs\Git\cmd;C:\Users\vinay\AppData\Roaming\npm
USERNAME=vinay
LANG=en_US.UTF-8
OS=Windows_NT
PROCESSOR_IDENTIFIER=Intel64 Family 6 Model 158 Stepping 9, GenuineIntel



---------------  S Y S T E M  ---------------

OS:
 Windows 10 , 64 bit Build 19041 (10.0.19041.3031)
OS uptime: 0 days 3:45 hours

CPU: total 4 (initial active 4) (4 cores per cpu, 1 threads per core) family 6 model 158 stepping 9 microcode 0xb4, cx8, cmov, fxsr, mmx, 3dnowpref, sse, sse2, sse3, ssse3, sse4.1, sse4.2, popcnt, lzcnt, tsc, tscinvbit, avx, avx2, aes, erms, clmul, bmi1, bmi2, adx, fma, vzeroupper, clflush, clflushopt

Memory: 4k page, system-wide physical 8075M (466M free)
TotalPageFile size 11173M (AvailPageFile size 114M)
current process WorkingSet (physical memory assigned to process): 10M, peak: 10M
current process commit charge ("private bytes"): 52M, peak: 179M

vm_info: Java HotSpot(TM) 64-Bit Server VM (18.0.1.1+2-6) for windows-amd64 JRE (18.0.1.1+2-6), built on Apr 25 2022 21:53:15 by "mach5one" with MS VC++ 16.8 / 16.9 (VS2019)

END.
